This is pdfTeX, Version 3.14159265-2.6-1.40.19 (TeX Live 2018) (preloaded format=pdflatex 2018.4.16)  1 APR 2019 11:06
entering extended mode
 restricted \write18 enabled.
 file:line:error style messages enabled.
 %&-line parsing enabled.
**apstemplate.tex
(./apstemplate.tex
LaTeX2e <2018-04-01> patch level 2
Babel <3.18> and hyphenation patterns for 84 language(s) loaded.
(./revtex4-2.cls
Document Class: revtex4-2 2019/01/18/14:29:48 4.2c (https://journals.aps.org/re
vtex/ for documentation)
 Copyright (c) 2019 American Physical Society.
 mailto:revtex@aps.org
 Licensed under the LPPL:
http://www.ctan.org/tex-archive/macros/latex/base/lppl.txt
 Arthur Ogawa <arthur_ogawa at sbcglobal dot net>
 Based on work by David Carlisle <david at dcarlisle.demon.co.uk>Version (4.2c)
: Modified by Mark Doyle
 .
ltxutil[2019/01/18/14:29:48 4.2c utilities package (portions licensed from W. E
. Baxter web at superscript.com)]
LaTeX Info: Redefining \@centercr on input line 315.
Class revtex4-2 Info: Repairing broken LaTeX eqnarray on input line 365.
\eqncolsep=\skip41
Class revtex4-2 Info: Repairing hyperref-unfriendly LaTeX definition of \mpfoot
note on input line 440.
Class revtex4-2 Info: Repairing broken LateX \@sect on input line 762.
\intertabularlinepenalty=\count80
\@tbpen=\count81
\@arstrutbox@hline=\box26
Class revtex4-2 Info: Repairing broken LaTeX \@xbitor on input line 1793.
Class revtex4-2 Info: Making \typeout \long on input line 2053.
ltxfront[2019/01/18/14:29:48 4.2c frontmatter package (AO,DPC,MD)]
\c@affil=\count82
\c@collab=\count83
\absbox=\box27
ltxgrid[2019/01/18/14:29:48 4.2c page grid package (portions licensed from W. E
. Baxter web at superscript.com)]
\c@linecount=\count84
\output@latex=\toks14
\box@size@1=\box28
\box@size@2=\box29
\@protection@box=\box30
\@topmark@saved=\toks15
\footins@saved=\box31
\footins@recovered=\box32
\column@recovered=\box33
\pagesofar=\box34
\footsofar=\box35
\pagegrid@col=\count85
Class revtex4-2 Info: Overriding \@vspace, \@vspacer, \@no@pgbk, \@newline, and
 \\  on input line 5585.
\c@part=\count86
\c@section=\count87
\c@subsection=\count88
\c@subsubsection=\count89
\c@paragraph=\count90
\c@subparagraph=\count91
\abovecaptionskip=\skip42
\belowcaptionskip=\skip43
\c@figure=\count92
\fbox@1=\box36
\c@table=\count93
\fbox@2=\box37
\c@video=\count94
\fbox@4=\box38
\@bibdataout=\write3
\widetext@top=\box39
\widetext@bot=\box40
Class revtex4-2 Info: Selecting society aps on input line 7581.
(./aps4-2.rtx
File: aps4-2 2019/01/18/14:29:48 4.2c (https://journals.aps.org/revtex/ for doc
umentation)
Class revtex4-2 Info: RevTeX society APS selected on input line 37.
)
Class revtex4-2 Info: Selecting journal prl on input line 7583.
Class revtex4-2 Info: APS journal PRL selected on input line 7584.
 (./aps10pt4-2.rtx
File: aps10pt4-2 2019/01/18/14:29:48 4.2c (https://journals.aps.org/revtex/ for
 documentation)
Class revtex4-2 Info: RevTeX pointsize 10pt selected on input line 36.
)
(/usr/local/texlive/2018/texmf-dist/tex/latex/textcase/textcase.sty
Package: textcase 2004/10/07 v0.07 Text only upper/lower case changing (DPC)
)
(/usr/local/texlive/2018/texmf-dist/tex/latex/url/url.sty
\Urlmuskip=\muskip10
Package: url 2013/09/16  ver 3.4  Verb mode for urls, etc.
)
(/usr/local/texlive/2018/texmf-dist/tex/latex/natbib/natbib.sty
Package: natbib 2010/09/13 8.31b (PWD, AO)
\bibhang=\skip44
\bibsep=\skip45
LaTeX Info: Redefining \cite on input line 694.
\c@NAT@ctr=\count95
)
Class revtex4-2 Info: Repairing natbib's \BibitemShut on input line 7588.

(./revsymb4-2.sty
Package: revsymb4-2 2019/01/18/14:29:48 4.2c (https://journals.aps.org/revtex/ 
for documentation)
LaTeX Info: Redefining \REV@mathfrak on input line 125.
))
(/usr/local/texlive/2018/texmf-dist/tex/latex/graphics/graphicx.sty
Package: graphicx 2017/06/01 v1.1a Enhanced LaTeX Graphics (DPC,SPQR)

(/usr/local/texlive/2018/texmf-dist/tex/latex/graphics/keyval.sty
Package: keyval 2014/10/28 v1.15 key=value parser (DPC)
\KV@toks@=\toks16
)
(/usr/local/texlive/2018/texmf-dist/tex/latex/graphics/graphics.sty
Package: graphics 2017/06/25 v1.2c Standard LaTeX Graphics (DPC,SPQR)

(/usr/local/texlive/2018/texmf-dist/tex/latex/graphics/trig.sty
Package: trig 2016/01/03 v1.10 sin cos tan (DPC)
)
(/usr/local/texlive/2018/texmf-dist/tex/latex/graphics-cfg/graphics.cfg
File: graphics.cfg 2016/06/04 v1.11 sample graphics configuration
)
Package graphics Info: Driver file: pdftex.def on input line 99.

(/usr/local/texlive/2018/texmf-dist/tex/latex/graphics-def/pdftex.def
File: pdftex.def 2018/01/08 v1.0l Graphics/color driver for pdftex
))
\Gin@req@height=\dimen102
\Gin@req@width=\dimen103
)
(/usr/local/texlive/2018/texmf-dist/tex/latex/float/float.sty
Package: float 2001/11/08 v1.3d Float enhancements (AL)
\c@float@type=\count96
\float@exts=\toks17
\float@box=\box41
\@float@everytoks=\toks18
\@floatcapt=\box42
)
(/usr/local/texlive/2018/texmf-dist/tex/latex/subfig/subfig.sty
Package: subfig 2005/06/28 ver: 1.3 subfig package

(/usr/local/texlive/2018/texmf-dist/tex/latex/caption/caption3.sty
Package: caption3 2016/05/22 v1.7-166 caption3 kernel (AR)
Package caption3 Info: TeX engine: e-TeX on input line 67.
\captionmargin=\dimen104
\captionmargin@=\dimen105
\captionwidth=\dimen106
\caption@tempdima=\dimen107
\caption@indent=\dimen108
\caption@parindent=\dimen109
\caption@hangindent=\dimen110
Package caption Info: Unknown document class (or package),
(caption)             standard defaults will be used.
)
\c@KVtest=\count97
\sf@farskip=\skip46
\sf@captopadj=\dimen111
\sf@capskip=\skip47
\sf@nearskip=\skip48
\c@subfigure=\count98
\c@subfigure@save=\count99
\c@lofdepth=\count100
\c@subtable=\count101
\c@subtable@save=\count102
\c@lotdepth=\count103
\sf@top=\skip49
\sf@bottom=\skip50
)
(/usr/local/texlive/2018/texmf-dist/tex/latex/wrapfig/wrapfig.sty
\wrapoverhang=\dimen112
\WF@size=\dimen113
\c@WF@wrappedlines=\count104
\WF@box=\box43
\WF@everypar=\toks19
Package: wrapfig 2003/01/31  v 3.6
)
(/usr/local/texlive/2018/texmf-dist/tex/latex/lipsum/lipsum.sty
Package: lipsum 2014/07/27 v1.3 150 paragraphs of Lorem Ipsum dummy text
\c@lips@count=\count105
)
(/usr/local/texlive/2018/texmf-dist/tex/latex/mathtools/mathtools.sty
Package: mathtools 2018/01/08 v1.21 mathematical typesetting tools

(/usr/local/texlive/2018/texmf-dist/tex/latex/tools/calc.sty
Package: calc 2017/05/25 v4.3 Infix arithmetic (KKT,FJ)
\calc@Acount=\count106
\calc@Bcount=\count107
\calc@Adimen=\dimen114
\calc@Bdimen=\dimen115
\calc@Askip=\skip51
\calc@Bskip=\skip52
LaTeX Info: Redefining \setlength on input line 80.
LaTeX Info: Redefining \addtolength on input line 81.
\calc@Ccount=\count108
\calc@Cskip=\skip53
)
(/usr/local/texlive/2018/texmf-dist/tex/latex/mathtools/mhsetup.sty
Package: mhsetup 2017/03/31 v1.3 programming setup (MH)
)
(/usr/local/texlive/2018/texmf-dist/tex/latex/amsmath/amsmath.sty
Package: amsmath 2017/09/02 v2.17a AMS math features
\@mathmargin=\skip54

For additional information on amsmath, use the `?' option.
(/usr/local/texlive/2018/texmf-dist/tex/latex/amsmath/amstext.sty
Package: amstext 2000/06/29 v2.01 AMS text

(/usr/local/texlive/2018/texmf-dist/tex/latex/amsmath/amsgen.sty
File: amsgen.sty 1999/11/30 v2.0 generic functions
\@emptytoks=\toks20
\ex@=\dimen116
)
LaTeX Info: Redefining \text on input line 28.
)
(/usr/local/texlive/2018/texmf-dist/tex/latex/amsmath/amsbsy.sty
Package: amsbsy 1999/11/29 v1.2d Bold Symbols
\pmbraise@=\dimen117
)
(/usr/local/texlive/2018/texmf-dist/tex/latex/amsmath/amsopn.sty
Package: amsopn 2016/03/08 v2.02 operator names
)
\inf@bad=\count109
LaTeX Info: Redefining \frac on input line 213.
\uproot@=\count110
\leftroot@=\count111
LaTeX Info: Redefining \overline on input line 375.
\classnum@=\count112
\DOTSCASE@=\count113
LaTeX Info: Redefining \ldots on input line 472.
LaTeX Info: Redefining \dots on input line 475.
LaTeX Info: Redefining \cdots on input line 596.
\Mathstrutbox@=\box44
\strutbox@=\box45
\big@size=\dimen118
LaTeX Font Info:    Redeclaring font encoding OML on input line 712.
LaTeX Font Info:    Redeclaring font encoding OMS on input line 713.
\macc@depth=\count114
\c@MaxMatrixCols=\count115
\dotsspace@=\muskip11
\c@parentequation=\count116
\dspbrk@lvl=\count117
\tag@help=\toks21
\row@=\count118
\column@=\count119
\maxfields@=\count120
\andhelp@=\toks22
\eqnshift@=\dimen119
\alignsep@=\dimen120
\tagshift@=\dimen121
\tagwidth@=\dimen122
\totwidth@=\dimen123
\lineht@=\dimen124
\@envbody=\toks23
\multlinegap=\skip55
\multlinetaggap=\skip56
\mathdisplay@stack=\toks24
LaTeX Info: Redefining \[ on input line 2817.
LaTeX Info: Redefining \] on input line 2818.
)
LaTeX Info: Thecontrolsequence`\('isalreadyrobust on input line 129.
LaTeX Info: Thecontrolsequence`\)'isalreadyrobust on input line 129.
LaTeX Info: Thecontrolsequence`\['isalreadyrobust on input line 129.
LaTeX Info: Thecontrolsequence`\]'isalreadyrobust on input line 129.
\g_MT_multlinerow_int=\count121
\l_MT_multwidth_dim=\dimen125
\origjot=\skip57
\l_MT_shortvdotswithinadjustabove_dim=\dimen126
\l_MT_shortvdotswithinadjustbelow_dim=\dimen127
\l_MT_above_intertext_sep=\dimen128
\l_MT_below_intertext_sep=\dimen129
\l_MT_above_shortintertext_sep=\dimen130
\l_MT_below_shortintertext_sep=\dimen131
)
(/usr/local/texlive/2018/texmf-dist/tex/latex/jknapltx/mathrsfs.sty
Package: mathrsfs 1996/01/01 Math RSFS package v1.0 (jk)
\symrsfs=\mathgroup4
)
(/usr/local/texlive/2018/texmf-dist/tex/latex/amsfonts/amsfonts.sty
Package: amsfonts 2013/01/14 v3.01 Basic AMSFonts support
\symAMSa=\mathgroup5
\symAMSb=\mathgroup6
LaTeX Font Info:    Overwriting math alphabet `\mathfrak' in version `bold'
(Font)                  U/euf/m/n --> U/euf/b/n on input line 106.
LaTeX Info: Redefining \frak on input line 111.
LaTeX Info: Redefining \Bbb on input line 113.
)
(/usr/local/texlive/2018/texmf-dist/tex/latex/enumitem/enumitem.sty
Package: enumitem 2011/09/28 v3.5.2 Customized lists
\labelindent=\skip58
\enit@outerparindent=\dimen132
\enit@toks=\toks25
\enit@inbox=\box46
\enitdp@description=\count122
)
(/usr/local/texlive/2018/texmf-dist/tex/latex/amsfonts/amssymb.sty
Package: amssymb 2013/01/14 v3.01 AMS font symbols
)
(/usr/local/texlive/2018/texmf-dist/tex/latex/graphics/color.sty
Package: color 2016/07/10 v1.1e Standard LaTeX Color (DPC)

(/usr/local/texlive/2018/texmf-dist/tex/latex/graphics-cfg/color.cfg
File: color.cfg 2016/01/02 v1.6 sample color configuration
)
Package color Info: Driver file: pdftex.def on input line 147.

(/usr/local/texlive/2018/texmf-dist/tex/latex/graphics/dvipsnam.def
File: dvipsnam.def 2016/06/17 v3.0m Driver-dependent file (DPC,SPQR)
))
(/usr/local/texlive/2018/texmf-dist/tex/latex/oberdiek/epstopdf.sty
Package: epstopdf 2016/05/15 v2.6 Conversion with epstopdf on the fly (HO)

(/usr/local/texlive/2018/texmf-dist/tex/latex/oberdiek/epstopdf-base.sty
Package: epstopdf-base 2016/05/15 v2.6 Base part for package epstopdf

(/usr/local/texlive/2018/texmf-dist/tex/generic/oberdiek/infwarerr.sty
Package: infwarerr 2016/05/16 v1.4 Providing info/warning/error messages (HO)
)
(/usr/local/texlive/2018/texmf-dist/tex/latex/oberdiek/grfext.sty
Package: grfext 2016/05/16 v1.2 Manage graphics extensions (HO)

(/usr/local/texlive/2018/texmf-dist/tex/generic/oberdiek/kvdefinekeys.sty
Package: kvdefinekeys 2016/05/16 v1.4 Define keys (HO)

(/usr/local/texlive/2018/texmf-dist/tex/generic/oberdiek/ltxcmds.sty
Package: ltxcmds 2016/05/16 v1.23 LaTeX kernel commands for general use (HO)
)))
(/usr/local/texlive/2018/texmf-dist/tex/latex/oberdiek/kvoptions.sty
Package: kvoptions 2016/05/16 v3.12 Key value format for package options (HO)

(/usr/local/texlive/2018/texmf-dist/tex/generic/oberdiek/kvsetkeys.sty
Package: kvsetkeys 2016/05/16 v1.17 Key value parser (HO)

(/usr/local/texlive/2018/texmf-dist/tex/generic/oberdiek/etexcmds.sty
Package: etexcmds 2016/05/16 v1.6 Avoid name clashes with e-TeX commands (HO)

(/usr/local/texlive/2018/texmf-dist/tex/generic/oberdiek/ifluatex.sty
Package: ifluatex 2016/05/16 v1.4 Provides the ifluatex switch (HO)
Package ifluatex Info: LuaTeX not detected.
)
Package etexcmds Info: Could not find \expanded.
(etexcmds)             That can mean that you are not using pdfTeX 1.50 or
(etexcmds)             that some package has redefined \expanded.
(etexcmds)             In the latter case, load this package earlier.
)))
(/usr/local/texlive/2018/texmf-dist/tex/generic/oberdiek/pdftexcmds.sty
Package: pdftexcmds 2018/01/30 v0.27 Utility functions of pdfTeX for LuaTeX (HO
)

(/usr/local/texlive/2018/texmf-dist/tex/generic/oberdiek/ifpdf.sty
Package: ifpdf 2017/03/15 v3.2 Provides the ifpdf switch
)
Package pdftexcmds Info: LuaTeX not detected.
Package pdftexcmds Info: \pdf@primitive is available.
Package pdftexcmds Info: \pdf@ifprimitive is available.
Package pdftexcmds Info: \pdfdraftmode found.
)
Package epstopdf-base Info: Redefining graphics rule for `.eps' on input line 4
38.
Package grfext Info: Graphics extension search list:
(grfext)             [.pdf,.png,.jpg,.mps,.jpeg,.jbig2,.jb2,.PDF,.PNG,.JPG,.JPE
G,.JBIG2,.JB2,.eps]
(grfext)             \AppendGraphicsExtensions on input line 456.

(/usr/local/texlive/2018/texmf-dist/tex/latex/latexconfig/epstopdf-sys.cfg
File: epstopdf-sys.cfg 2010/07/13 v1.3 Configuration of (r)epstopdf for TeX Liv
e
)))
(/usr/local/texlive/2018/texmf-dist/tex/latex/braket/braket.sty)
Class revtex4-2 Info: Patching LaTeX tabular. on input line 51.


Class revtex4-2 Warning: Repair the float package.

Class revtex4-2 Info: Robustifying \LaTeX's \boldmath command on input line 51.

Class revtex4-2 Info: cite was not loaded (OK!) on input line 51.
Class revtex4-2 Info: mcite was not loaded (OK!) on input line 51.
Class revtex4-2 Info: multicol was not loaded (OK!) on input line 51.
(./apstemplate.aux)
\openout1 = `apstemplate.aux'.

LaTeX Font Info:    Checking defaults for OML/cmm/m/it on input line 51.
LaTeX Font Info:    ... okay on input line 51.
LaTeX Font Info:    Checking defaults for T1/cmr/m/n on input line 51.
LaTeX Font Info:    ... okay on input line 51.
LaTeX Font Info:    Checking defaults for OT1/cmr/m/n on input line 51.
LaTeX Font Info:    ... okay on input line 51.
LaTeX Font Info:    Checking defaults for OMS/cmsy/m/n on input line 51.
LaTeX Font Info:    ... okay on input line 51.
LaTeX Font Info:    Checking defaults for OMX/cmex/m/n on input line 51.
LaTeX Font Info:    ... okay on input line 51.
LaTeX Font Info:    Checking defaults for U/cmr/m/n on input line 51.
LaTeX Font Info:    ... okay on input line 51.

(/usr/local/texlive/2018/texmf-dist/tex/context/base/mkii/supp-pdf.mkii
[Loading MPS to PDF converter (version 2006.09.02).]
\scratchcounter=\count123
\scratchdimen=\dimen133
\scratchbox=\box47
\nofMPsegments=\count124
\nofMParguments=\count125
\everyMPshowfont=\toks26
\MPscratchCnt=\count126
\MPscratchDim=\dimen134
\MPnumerator=\count127
\makeMPintoPDFobject=\count128
\everyMPtoPDFconversion=\toks27
)
Package caption Info: Begin \AtBeginDocument code.
Package caption Info: subfig package v1.3 is loaded.
Package caption Info: End \AtBeginDocument code.
\openout3 = `apstemplateNotes.bib'.

LaTeX Font Info:    Try loading font information for U+rsfs on input line 97.
 (/usr/local/texlive/2018/texmf-dist/tex/latex/jknapltx/ursfs.fd
File: ursfs.fd 1998/03/24 rsfs font definition file (jk)
)
LaTeX Font Info:    Try loading font information for U+msa on input line 97.

(/usr/local/texlive/2018/texmf-dist/tex/latex/amsfonts/umsa.fd
File: umsa.fd 2013/01/14 v3.01 AMS symbols A
)
LaTeX Font Info:    Try loading font information for U+msb on input line 97.

(/usr/local/texlive/2018/texmf-dist/tex/latex/amsfonts/umsb.fd
File: umsb.fd 2013/01/14 v3.01 AMS symbols B
)
<TwoBunches.png, id=1, 977.6525pt x 611.28375pt>
File: TwoBunches.png Graphic file (type png)
<use TwoBunches.png>
Package pdftex.def Info: TwoBunches.png  used on input line 106.
(pdftex.def)             Requested size: 221.3985pt x 138.42833pt.

Underfull \hbox (badness 10000) in paragraph at lines 111--121

 []


Underfull \hbox (badness 10000) in paragraph at lines 111--121

 []


Underfull \hbox (badness 1152) in paragraph at lines 111--121
\OT1/cmr/m/n/10 is be-ing con-structed at SLAC Na-tional Ac-cel-er-a-tor
 []


Underfull \hbox (badness 10000) in paragraph at lines 111--121

 []


Underfull \hbox (badness 1242) in paragraph at lines 111--121
\OT1/cmr/m/n/10 In this pa-per, we first in-tro-duce the beam pro-file
 []

[1{/usr/local/texlive/2018/texmf-var/fonts/map/pdftex/updmap/pdftex.map} <./Two
Bunches.png>]
Overfull \hbox (10.26167pt too wide) detected at line 141
\OML/cmm/m/it/10 x\OT1/cmr/m/n/10 (\OML/cmm/m/it/10 z\OT1/cmr/m/n/10 ) = \OML/c
mm/m/it/10 x\OT1/cmr/m/n/10 (0)[] [](\OML/cmm/m/it/10 ^^^\OT1/cmr/m/n/10 (\OML/
cmm/m/it/10 z\OT1/cmr/m/n/10 )) + [] [](\OML/cmm/m/it/10 ^^^\OT1/cmr/m/n/10 (\O
ML/cmm/m/it/10 z\OT1/cmr/m/n/10 ))
 []


Underfull \hbox (badness 10000) in paragraph at lines 144--148

 []


Underfull \hbox (badness 2469) in paragraph at lines 144--148
\OT1/cmr/m/n/10 Now we will di-gress a lit-tle and in-tro-duce some
 []


Overfull \hbox (191.30649pt too wide) detected at line 166
\OML/cmm/m/it/10 M \OT1/cmr/m/n/10 = []
 []


Overfull \hbox (96.89267pt too wide) detected at line 202
[][]
 []


Overfull \hbox (70.97487pt too wide) detected at line 223
[][]
 []

[2]
Overfull \hbox (237.58662pt too wide) detected at line 234
[] \OT1/cmr/m/n/10 = \OML/cmm/m/it/10 ^^L[]\OT1/cmr/m/n/10 (\OML/cmm/m/it/10 s\
OT1/cmr/m/n/10 )\OMS/cmsy/m/n/10 f[] []\OT1/cmr/m/n/10 [\OML/cmm/m/it/10 ^^L[]\
OT1/cmr/m/n/10 (0)\OML/cmm/m/it/10 ^^M[]\OT1/cmr/m/n/10 (0) + (1 \OMS/cmsy/m/n/
10 ^^@ \OML/cmm/m/it/10 []\OT1/cmr/m/n/10 (0))\OML/cmm/m/it/10 C \OT1/cmr/m/n/
10 + 2\OML/cmm/m/it/10 []\OT1/cmr/m/n/10 (0)\OML/cmm/m/it/10 S\OT1/cmr/m/n/10 
] + [] [](1 \OMS/cmsy/m/n/10 ^^@ \OML/cmm/m/it/10 C\OT1/cmr/m/n/10 ) + [] [\OML
/cmm/m/it/10 S \OT1/cmr/m/n/10 + \OML/cmm/m/it/10 []\OT1/cmr/m/n/10 (0)(1 \OMS
/cmsy/m/n/10 ^^@ \OML/cmm/m/it/10 C\OT1/cmr/m/n/10 )]\OMS/cmsy/m/n/10 g
 []


Overfull \hbox (229.63177pt too wide) detected at line 244
[][]
 []


Overfull \hbox (14.63991pt too wide) detected at line 251
\OML/cmm/m/it/10 B[] \OT1/cmr/m/n/10 = [] \OMS/cmsy/m/n/10 ^^@ \OML/cmm/m/it/10
 B[] \OT1/cmr/m/n/10 = [] \OMS/cmsy/m/n/10 ^^@ []
 []


Overfull \hbox (33.12303pt too wide) detected at line 262
\OML/cmm/m/it/10 ^^L[] \OT1/cmr/m/n/10 = [] = \OML/cmm/m/it/10 ^^L[]\OT1/cmr/m/
n/10 (0)\OML/cmm/m/it/10 ;  ^^M[] \OT1/cmr/m/n/10 = [] = \OML/cmm/m/it/10 ^^M[]
\OT1/cmr/m/n/10 (0)\OML/cmm/m/it/10 ;  [] \OT1/cmr/m/n/10 = \OMS/cmsy/m/n/10 ^
^@[] \OT1/cmr/m/n/10 = \OML/cmm/m/it/10 []\OT1/cmr/m/n/10 (0)
 []


Overfull \hbox (68.15974pt too wide) in paragraph at lines 284--294
 []$ 
 []

Package epstopdf Info: Source file: <plasma_density_profile.eps>
(epstopdf)                    date: 2019-03-11 22:04:22
(epstopdf)                    size: 90620 bytes
(epstopdf)             Output file: <plasma_density_profile-eps-converted-to.pd
f>
(epstopdf)                    date: 2019-03-21 00:21:27
(epstopdf)                    size: 11019 bytes
(epstopdf)             Command: <repstopdf --outfile=plasma_density_profile-eps
-converted-to.pdf plasma_density_profile.eps>
(epstopdf)             \includegraphics on input line 317.
Package epstopdf Info: Output file is already uptodate.
<plasma_density_profile-eps-converted-to.pdf, id=27, 525.965pt x 427.5975pt>
File: plasma_density_profile-eps-converted-to.pdf Graphic file (type pdf)
<use plasma_density_profile-eps-converted-to.pdf>
Package pdftex.def Info: plasma_density_profile-eps-converted-to.pdf  used on i
nput line 317.
(pdftex.def)             Requested size: 221.3985pt x 179.99425pt.
[3]

LaTeX Warning: A float is stuck (cannot be placed); try class option [floatfix]
 on input line 324.


Underfull \hbox (badness 10000) in paragraph at lines 329--336

 []


Underfull \hbox (badness 10000) in paragraph at lines 329--336

 []

Package epstopdf Info: Source file: <beta_different_cases.eps>
(epstopdf)                    date: 2019-03-11 22:12:58
(epstopdf)                    size: 340817 bytes
(epstopdf)             Output file: <beta_different_cases-eps-converted-to.pdf>

(epstopdf)                    date: 2019-03-21 00:21:28
(epstopdf)                    size: 80341 bytes
(epstopdf)             Command: <repstopdf --outfile=beta_different_cases-eps-c
onverted-to.pdf beta_different_cases.eps>
(epstopdf)             \includegraphics on input line 353.
Package epstopdf Info: Output file is already uptodate.
<beta_different_cases-eps-converted-to.pdf, id=31, 528.97626pt x 410.53375pt>
File: beta_different_cases-eps-converted-to.pdf Graphic file (type pdf)
<use beta_different_cases-eps-converted-to.pdf>
Package pdftex.def Info: beta_different_cases-eps-converted-to.pdf  used on inp
ut line 353.
(pdftex.def)             Requested size: 221.3985pt x 171.82162pt.

Underfull \hbox (badness 1596) in paragraph at lines 341--357
\OT1/cmr/m/n/10 solve 3[] nu-mer-i-cally along the up ramp back-wards
 []


Underfull \hbox (badness 10000) in paragraph at lines 341--357

 []


Underfull \hbox (badness 10000) in paragraph at lines 341--357

 []


Underfull \hbox (badness 1478) in paragraph at lines 341--357
\OT1/cmr/m/n/10 Here is our way to choose $\OML/cmm/m/it/10 s$\OT1/cmr/m/n/10 :
 First we cal-cu-late
 []


Underfull \hbox (badness 10000) in paragraph at lines 341--357

 []

[4 <./plasma_density_profile-eps-converted-to.pdf>]
Overfull \hbox (36.6924pt too wide) detected at line 364
\OML/cmm/m/it/10 \OT1/cmr/m/n/10 (\OML/cmm/m/it/10 z\OT1/cmr/m/n/10 ) = \OML/c
mm/m/it/10 \OT1/cmr/m/n/10 (0) \OMS/cmsy/m/n/10 ^^@ [] \OML/cmm/m/it/10 ;  ^^L
\OT1/cmr/m/n/10 (\OML/cmm/m/it/10 z\OT1/cmr/m/n/10 ) = \OML/cmm/m/it/10 ^^L\OT1
/cmr/m/n/10 (0) \OMS/cmsy/m/n/10 ^^@ \OT1/cmr/m/n/10 2\OML/cmm/m/it/10 \OT1/cm
r/m/n/10 (0)\OML/cmm/m/it/10 z \OT1/cmr/m/n/10 + []
 []

Package epstopdf Info: Source file: <emittance_increment_crude.eps>
(epstopdf)                    date: 2019-03-11 22:18:20
(epstopdf)                    size: 98067 bytes
(epstopdf)             Output file: <emittance_increment_crude-eps-converted-to
.pdf>
(epstopdf)                    date: 2019-03-21 00:21:28
(epstopdf)                    size: 6827 bytes
(epstopdf)             Command: <repstopdf --outfile=emittance_increment_crude-
eps-converted-to.pdf emittance_increment_crude.eps>
(epstopdf)             \includegraphics on input line 369.
Package epstopdf Info: Output file is already uptodate.
<emittance_increment_crude-eps-converted-to.pdf, id=47, 512.91624pt x 410.53375
pt>
File: emittance_increment_crude-eps-converted-to.pdf Graphic file (type pdf)
<use emittance_increment_crude-eps-converted-to.pdf>
Package pdftex.def Info: emittance_increment_crude-eps-converted-to.pdf  used o
n input line 369.
(pdftex.def)             Requested size: 221.3985pt x 177.2026pt.

Underfull \hbox (badness 10000) in paragraph at lines 377--381

 []


Underfull \hbox (badness 1616) in paragraph at lines 377--381
\OT1/cmr/m/n/10 It seems that since he-lium is hard to be ion-ized
 []

[5 <./beta_different_cases-eps-converted-to.pdf> <./emittance_increment_crude-e
ps-converted-to.pdf>]
Package epstopdf Info: Source file: <Helium_buffer_profile.eps>
(epstopdf)                    date: 2019-03-11 22:04:23
(epstopdf)                    size: 88805 bytes
(epstopdf)             Output file: <Helium_buffer_profile-eps-converted-to.pdf
>
(epstopdf)                    date: 2019-03-21 00:21:29
(epstopdf)                    size: 10844 bytes
(epstopdf)             Command: <repstopdf --outfile=Helium_buffer_profile-eps-
converted-to.pdf Helium_buffer_profile.eps>
(epstopdf)             \includegraphics on input line 386.
Package epstopdf Info: Output file is already uptodate.
<Helium_buffer_profile-eps-converted-to.pdf, id=69, 516.93124pt x 420.57124pt>
File: Helium_buffer_profile-eps-converted-to.pdf Graphic file (type pdf)
<use Helium_buffer_profile-eps-converted-to.pdf>
Package pdftex.def Info: Helium_buffer_profile-eps-converted-to.pdf  used on in
put line 386.
(pdftex.def)             Requested size: 221.3985pt x 180.12978pt.
Package epstopdf Info: Source file: <he_buffer_emit_315um.eps>
(epstopdf)                    date: 2019-03-11 23:28:13
(epstopdf)                    size: 100186 bytes
(epstopdf)             Output file: <he_buffer_emit_315um-eps-converted-to.pdf>

(epstopdf)                    date: 2019-03-21 00:21:29
(epstopdf)                    size: 8213 bytes
(epstopdf)             Command: <repstopdf --outfile=he_buffer_emit_315um-eps-c
onverted-to.pdf he_buffer_emit_315um.eps>
(epstopdf)             \includegraphics on input line 402.
Package epstopdf Info: Output file is already uptodate.
<he_buffer_emit_315um-eps-converted-to.pdf, id=70, 512.91624pt x 410.53375pt>
File: he_buffer_emit_315um-eps-converted-to.pdf Graphic file (type pdf)
<use he_buffer_emit_315um-eps-converted-to.pdf>
Package pdftex.def Info: he_buffer_emit_315um-eps-converted-to.pdf  used on inp
ut line 402.
(pdftex.def)             Requested size: 122.4028pt x 97.96632pt.
Package epstopdf Info: Source file: <he_buffer_emit_20um.eps>
(epstopdf)                    date: 2019-03-11 23:46:46
(epstopdf)                    size: 100207 bytes
(epstopdf)             Output file: <he_buffer_emit_20um-eps-converted-to.pdf>
(epstopdf)                    date: 2019-03-21 00:21:30
(epstopdf)                    size: 8118 bytes
(epstopdf)             Command: <repstopdf --outfile=he_buffer_emit_20um-eps-co
nverted-to.pdf he_buffer_emit_20um.eps>
(epstopdf)             \includegraphics on input line 405.
Package epstopdf Info: Output file is already uptodate.
<he_buffer_emit_20um-eps-converted-to.pdf, id=71, 512.91624pt x 410.53375pt>
File: he_buffer_emit_20um-eps-converted-to.pdf Graphic file (type pdf)
<use he_buffer_emit_20um-eps-converted-to.pdf>
Package pdftex.def Info: he_buffer_emit_20um-eps-converted-to.pdf  used on inpu
t line 405.
(pdftex.def)             Requested size: 122.4028pt x 97.96632pt.

Overfull \hbox (11.13885pt too wide) in paragraph at lines 402--406
 [][][] 
 []

<HICD-eps-converted-to.pdf, id=72, 433.62pt x 289.08pt>
File: HICD-eps-converted-to.pdf Graphic file (type pdf)
<use HICD-eps-converted-to.pdf>
Package pdftex.def Info: HICD-eps-converted-to.pdf  used on input line 418.
(pdftex.def)             Requested size: 122.4028pt x 81.59908pt.
Package epstopdf Info: Source file: <focus_x.eps>
(epstopdf)                    date: 2019-03-12 13:01:14
(epstopdf)                    size: 46993 bytes
(epstopdf)             Output file: <focus_x-eps-converted-to.pdf>
(epstopdf)                    date: 2019-03-21 11:11:33
(epstopdf)                    size: 21393 bytes
(epstopdf)             Command: <repstopdf --outfile=focus_x-eps-converted-to.p
df focus_x.eps>
(epstopdf)             \includegraphics on input line 421.
Package epstopdf Info: Output file is already uptodate.
<focus_x-eps-converted-to.pdf, id=73, 433.62pt x 289.08pt>
File: focus_x-eps-converted-to.pdf Graphic file (type pdf)
<use focus_x-eps-converted-to.pdf>
Package pdftex.def Info: focus_x-eps-converted-to.pdf  used on input line 421.
(pdftex.def)             Requested size: 122.4028pt x 81.59908pt.

Overfull \hbox (11.13885pt too wide) in paragraph at lines 418--422
 [][][] 
 []

(./apstemplate.bbl [6 <./Helium_buffer_profile-eps-converted-to.pdf> <./he_buff
er_emit_315um-eps-converted-to.pdf> <./he_buffer_emit_20um-eps-converted-to.pdf
> <./HICD-eps-converted-to.pdf> <./focus_x-eps-converted-to.pdf>]
Underfull \hbox (badness 3039) in paragraph at lines 9--18
 []\OT1/cmr/m/n/9 Weiming An, Vik-tor K. De-cyk, War-ren B. Mori,
 []


Underfull \hbox (badness 1430) in paragraph at lines 9--18
 \OT1/cmr/m/n/9 and Thomas M. An-ton-sen.  An im-proved it-er-a-tion
 []


Underfull \hbox (badness 1888) in paragraph at lines 9--18
 \OT1/cmr/m/n/9 loop for the three di-men-sional quasi-static particle-
 []


Underfull \hbox (badness 1968) in paragraph at lines 9--18
 \OT1/cmr/m/n/9 in-cell al-go-rithm: Quick-pic.  \OT1/cmr/m/it/9 Jour-nal of Co
m-pu-ta-
 []


Underfull \hbox (badness 10000) in paragraph at lines 9--18
 \OT1/cmr/m/n/9 doi:https://doi.org/10.1016/j.jcp.2013.05.020.  URL
 []


Underfull \hbox (badness 10000) in paragraph at lines 9--18
 \OT1/cmtt/m/n/9 http : / / www . sciencedirect . com / science / article / pii
 /
 []


Underfull \hbox (badness 1048) in paragraph at lines 21--33
 \OT1/cmr/m/n/9 ter-nally in-jected beams in plasma-based ac-cel-er-a-tors.
 []


Underfull \hbox (badness 4492) in paragraph at lines 21--33
 \OT1/cmr/m/n/9 doi:https://doi.org/10.1016/j.nima.2018.02.065.  URL
 []


Underfull \hbox (badness 10000) in paragraph at lines 21--33
 \OT1/cmtt/m/n/9 http : / / www . sciencedirect . com / science / article / pii
 /
 []


Underfull \hbox (badness 2818) in paragraph at lines 48--53
 []\OT1/cmr/m/n/9 Chengkun Huang, Vik-tor K. De-cyk, Chuang Ren,
 []

) [7] (./apstemplate.aux)

LaTeX Warning: Label(s) may have changed. Rerun to get cross-references right .


 ) 
Here is how much of TeX's memory you used:
 6434 strings out of 492649
 93290 string characters out of 6129622
 291590 words of memory out of 5000000
 10194 multiletter control sequences out of 15000+600000
 11335 words of font info for 46 fonts, out of 8000000 for 9000
 1141 hyphenation exceptions out of 8191
 42i,10n,49p,1198b,395s stack positions out of 5000i,500n,10000p,200000b,80000s
</usr/local/texlive/2018/texmf-dist/fonts/type1/public/amsfonts/cm/cmbx12.pfb
></usr/local/texlive/2018/texmf-dist/fonts/type1/public/amsfonts/cm/cmbx9.pfb><
/usr/local/texlive/2018/texmf-dist/fonts/type1/public/amsfonts/cm/cmex10.pfb></
usr/local/texlive/2018/texmf-dist/fonts/type1/public/amsfonts/cmextra/cmex7.pfb
></usr/local/texlive/2018/texmf-dist/fonts/type1/public/amsfonts/cm/cmmi10.pfb>
</usr/local/texlive/2018/texmf-dist/fonts/type1/public/amsfonts/cm/cmmi5.pfb></
usr/local/texlive/2018/texmf-dist/fonts/type1/public/amsfonts/cm/cmmi6.pfb></us
r/local/texlive/2018/texmf-dist/fonts/type1/public/amsfonts/cm/cmmi7.pfb></usr/
local/texlive/2018/texmf-dist/fonts/type1/public/amsfonts/cm/cmmi9.pfb></usr/lo
cal/texlive/2018/texmf-dist/fonts/type1/public/amsfonts/cm/cmr10.pfb></usr/loca
l/texlive/2018/texmf-dist/fonts/type1/public/amsfonts/cm/cmr5.pfb></usr/local/t
exlive/2018/texmf-dist/fonts/type1/public/amsfonts/cm/cmr6.pfb></usr/local/texl
ive/2018/texmf-dist/fonts/type1/public/amsfonts/cm/cmr7.pfb></usr/local/texlive
/2018/texmf-dist/fonts/type1/public/amsfonts/cm/cmr8.pfb></usr/local/texlive/20
18/texmf-dist/fonts/type1/public/amsfonts/cm/cmr9.pfb></usr/local/texlive/2018/
texmf-dist/fonts/type1/public/amsfonts/cm/cmsy10.pfb></usr/local/texlive/2018/t
exmf-dist/fonts/type1/public/amsfonts/cm/cmsy5.pfb></usr/local/texlive/2018/tex
mf-dist/fonts/type1/public/amsfonts/cm/cmsy6.pfb></usr/local/texlive/2018/texmf
-dist/fonts/type1/public/amsfonts/cm/cmsy7.pfb></usr/local/texlive/2018/texmf-d
ist/fonts/type1/public/amsfonts/cm/cmsy9.pfb></usr/local/texlive/2018/texmf-dis
t/fonts/type1/public/amsfonts/cm/cmti10.pfb></usr/local/texlive/2018/texmf-dist
/fonts/type1/public/amsfonts/cm/cmti9.pfb></usr/local/texlive/2018/texmf-dist/f
onts/type1/public/amsfonts/cm/cmtt9.pfb>
Output written on apstemplate.pdf (7 pages, 975693 bytes).
PDF statistics:
 286 PDF objects out of 1000 (max. 8388607)
 141 compressed objects within 2 object streams
 0 named destinations out of 1000 (max. 500000)
 46 words of extra memory for PDF output out of 10000 (max. 10000000)

